d:\programming\assiaginment3\assiaginment3\x64\debug\vc143.pdb
d:\programming\assiaginment3\assiaginment3\x64\debug\vc143.idb
d:\programming\assiaginment3\assiaginment3\x64\debug\npcmanager.obj
d:\programming\assiaginment3\assiaginment3\x64\debug\constants.obj
d:\programming\assiaginment3\assiaginment3\x64\debug\gameobject.obj
d:\programming\assiaginment3\assiaginment3\x64\debug\main.obj
d:\programming\assiaginment3\assiaginment3\x64\debug\npc.obj
d:\programming\assiaginment3\assiaginment3\x64\debug\gamestate.obj
d:\programming\assiaginment3\assiaginment3\x64\debug\projsmanager.obj
d:\programming\assiaginment3\assiaginment3\x64\debug\player.obj
d:\programming\assiaginment3\assiaginment3\x64\debug\projectile.obj
d:\programming\assiaginment3\assiaginment3\x64\debug\camera.obj
d:\programming\assiaginment3\assiaginment3\x64\debug\tileset.obj
d:\programming\assiaginment3\assiaginment3\x64\debug\world.obj
d:\programming\assiaginment3\assiaginment3\x64\debug\utils.obj
d:\programming\assiaginment3\assiaginment3\x64\debug\assiaginment3.ilk
d:\programming\assiaginment3\x64\debug\assiaginment3.pdb
d:\programming\assiaginment3\x64\debug\assiaginment3.exe
d:\programming\assiaginment3\assiaginment3\x64\debug\assiaginment3.tlog\cl.command.1.tlog
d:\programming\assiaginment3\assiaginment3\x64\debug\assiaginment3.tlog\cl.items.tlog
d:\programming\assiaginment3\assiaginment3\x64\debug\assiaginment3.tlog\cl.read.1.tlog
d:\programming\assiaginment3\assiaginment3\x64\debug\assiaginment3.tlog\cl.write.1.tlog
d:\programming\assiaginment3\assiaginment3\x64\debug\assiaginment3.tlog\link.command.1.tlog
d:\programming\assiaginment3\assiaginment3\x64\debug\assiaginment3.tlog\link.read.1.tlog
d:\programming\assiaginment3\assiaginment3\x64\debug\assiaginment3.tlog\link.secondary.1.tlog
d:\programming\assiaginment3\assiaginment3\x64\debug\assiaginment3.tlog\link.write.1.tlog
